2025-02-12 11:19:06,994 [main] INFO  org.eclipse.jetty.server.Server - jetty-12.0.12; built: 2024-07-25T21:58:37.668Z; git: cc6f1b74db755fed228b50701ad967aeaa68e83f; jvm 21.0.5+11-LTS
2025-02-12 11:19:07,005 [main] INFO  o.e.j.server.handler.ContextHandler - Started oejsh.ContextHandler@366731ae{ROOT,/,b=null,a=AVAILABLE,vh=[127.0.0.1],h=oejsh.ResourceHandler@61b8391d{STARTED}}
2025-02-12 11:19:07,010 [main] INFO  o.e.jetty.server.AbstractConnector - Started ServerConnector@5441c744{HTTP/1.1, (http/1.1)}{0.0.0.0:55682}
2025-02-12 11:19:07,017 [main] INFO  org.eclipse.jetty.server.Server - Started oejs.Server@621be873{STARTING}[12.0.12,sto=0] @90000ms
2025-02-12 11:39:49,200 [main] INFO  org.eclipse.jetty.server.Server - Stopped oejs.Server@621be873{STOPPING}[12.0.12,sto=0]
2025-02-12 11:39:49,218 [main] INFO  o.e.jetty.server.AbstractConnector - Stopped ServerConnector@5441c744{HTTP/1.1, (http/1.1)}{0.0.0.0:0}
2025-02-12 15:54:40,610 [main] INFO  org.eclipse.jetty.server.Server - jetty-12.0.12; built: 2024-07-25T21:58:37.668Z; git: cc6f1b74db755fed228b50701ad967aeaa68e83f; jvm 21.0.5+11-LTS
2025-02-12 15:54:40,630 [main] INFO  o.e.j.server.handler.ContextHandler - Started oejsh.ContextHandler@30c49490{ROOT,/,b=null,a=AVAILABLE,vh=[127.0.0.1],h=oejsh.ResourceHandler@d0e5bb5{STARTED}}
2025-02-12 15:54:40,634 [main] INFO  o.e.jetty.server.AbstractConnector - Started ServerConnector@1173c498{HTTP/1.1, (http/1.1)}{0.0.0.0:55387}
2025-02-12 15:54:40,642 [main] INFO  org.eclipse.jetty.server.Server - Started oejs.Server@569c4a2{STARTING}[12.0.12,sto=0] @13388883ms
2025-02-12 15:54:49,083 [main] INFO  org.eclipse.jetty.server.Server - Stopped oejs.Server@569c4a2{STOPPING}[12.0.12,sto=0]
2025-02-12 15:54:49,089 [main] INFO  o.e.jetty.server.AbstractConnector - Stopped ServerConnector@1173c498{HTTP/1.1, (http/1.1)}{0.0.0.0:0}
2025-02-12 15:54:50,726 [main] INFO  org.eclipse.jetty.server.Server - jetty-12.0.12; built: 2024-07-25T21:58:37.668Z; git: cc6f1b74db755fed228b50701ad967aeaa68e83f; jvm 21.0.5+11-LTS
2025-02-12 15:54:50,727 [main] INFO  o.e.j.server.handler.ContextHandler - Started oejsh.ContextHandler@122fca43{ROOT,/,b=null,a=AVAILABLE,vh=[127.0.0.1],h=oejsh.ResourceHandler@d2732b1{STARTED}}
2025-02-12 15:54:50,728 [main] INFO  o.e.jetty.server.AbstractConnector - Started ServerConnector@6114791a{HTTP/1.1, (http/1.1)}{0.0.0.0:55396}
2025-02-12 15:54:50,728 [main] INFO  org.eclipse.jetty.server.Server - Started oejs.Server@6d579d43{STARTING}[12.0.12,sto=0] @13398970ms
2025-02-12 18:35:30,217 [Framework stop - Equinox Container: 60a0bded-e5de-4252-ab8d-0a2a0c2f2df1] INFO  org.eclipse.jetty.server.Server - Stopped oejs.Server@6d579d43{STOPPING}[12.0.12,sto=0]
2025-02-12 18:35:30,225 [Framework stop - Equinox Container: 60a0bded-e5de-4252-ab8d-0a2a0c2f2df1] INFO  o.e.jetty.server.AbstractConnector - Stopped ServerConnector@6114791a{HTTP/1.1, (http/1.1)}{0.0.0.0:0}
2025-02-27 11:42:40,400 [main] INFO  org.eclipse.jetty.server.Server - jetty-12.0.12; built: 2024-07-25T21:58:37.668Z; git: cc6f1b74db755fed228b50701ad967aeaa68e83f; jvm 21.0.5+11-LTS
2025-02-27 11:42:40,414 [main] INFO  o.e.j.server.handler.ContextHandler - Started oejsh.ContextHandler@5885f735{ROOT,/,b=null,a=AVAILABLE,vh=[127.0.0.1],h=oejsh.ResourceHandler@49e4e185{STARTED}}
2025-02-27 11:42:40,420 [main] INFO  o.e.jetty.server.AbstractConnector - Started ServerConnector@646cba18{HTTP/1.1, (http/1.1)}{0.0.0.0:57300}
2025-02-27 11:42:40,484 [main] INFO  org.eclipse.jetty.server.Server - Started oejs.Server@73b6995e{STARTING}[12.0.12,sto=0] @2124889ms
2025-02-27 11:52:26,528 [Framework stop - Equinox Container: 8a8d825d-e1b8-4217-93f2-c997dee59572] INFO  org.eclipse.jetty.server.Server - Stopped oejs.Server@73b6995e{STOPPING}[12.0.12,sto=0]
2025-02-27 11:52:26,540 [Framework stop - Equinox Container: 8a8d825d-e1b8-4217-93f2-c997dee59572] INFO  o.e.jetty.server.AbstractConnector - Stopped ServerConnector@646cba18{HTTP/1.1, (http/1.1)}{0.0.0.0:0}
2025-03-24 23:37:00,547 [Worker-40: Launching mavenrun-cd19fd1f-cd0c-4516-ba98-f67e5644d1c0] INFO  o.eclipse.m2e.core.internal.Bundles - getClasspathEntries(Bundle=org.eclipse.m2e.maven.runtime_3.9.900.20240824-1409 [1613])
2025-03-24 23:37:00,570 [Worker-40: Launching mavenrun-cd19fd1f-cd0c-4516-ba98-f67e5644d1c0] INFO  o.eclipse.m2e.core.internal.Bundles - 	Entry: /Applications/Eclipse.app/Contents/Eclipse/plugins/org.eclipse.m2e.maven.runtime_3.9.900.20240824-1409
2025-03-24 23:37:00,570 [Worker-40: Launching mavenrun-cd19fd1f-cd0c-4516-ba98-f67e5644d1c0] INFO  o.eclipse.m2e.core.internal.Bundles - 	Entry: /Applications/Eclipse.app/Contents/Eclipse/plugins/org.eclipse.m2e.maven.runtime_3.9.900.20240824-1409/jars/aopalliance-1.0.jar
2025-03-24 23:37:00,570 [Worker-40: Launching mavenrun-cd19fd1f-cd0c-4516-ba98-f67e5644d1c0] INFO  o.eclipse.m2e.core.internal.Bundles - 	Entry: /Applications/Eclipse.app/Contents/Eclipse/plugins/org.eclipse.m2e.maven.runtime_3.9.900.20240824-1409/jars/guice-5.1.0.jar
2025-03-24 23:37:00,570 [Worker-40: Launching mavenrun-cd19fd1f-cd0c-4516-ba98-f67e5644d1c0] INFO  o.eclipse.m2e.core.internal.Bundles - 	Entry: /Applications/Eclipse.app/Contents/Eclipse/plugins/org.eclipse.m2e.maven.runtime_3.9.900.20240824-1409/jars/httpclient-4.5.14.jar
2025-03-24 23:37:00,570 [Worker-40: Launching mavenrun-cd19fd1f-cd0c-4516-ba98-f67e5644d1c0] INFO  o.eclipse.m2e.core.internal.Bundles - 	Entry: /Applications/Eclipse.app/Contents/Eclipse/plugins/org.eclipse.m2e.maven.runtime_3.9.900.20240824-1409/jars/httpcore-4.4.16.jar
2025-03-24 23:37:00,570 [Worker-40: Launching mavenrun-cd19fd1f-cd0c-4516-ba98-f67e5644d1c0] INFO  o.eclipse.m2e.core.internal.Bundles - 	Entry: /Applications/Eclipse.app/Contents/Eclipse/plugins/org.eclipse.m2e.maven.runtime_3.9.900.20240824-1409/jars/jansi-2.4.1.jar
2025-03-24 23:37:00,571 [Worker-40: Launching mavenrun-cd19fd1f-cd0c-4516-ba98-f67e5644d1c0] INFO  o.eclipse.m2e.core.internal.Bundles - 	Entry: /Applications/Eclipse.app/Contents/Eclipse/plugins/org.eclipse.m2e.maven.runtime_3.9.900.20240824-1409/jars/jcl-over-slf4j-1.7.36.jar
2025-03-24 23:37:00,571 [Worker-40: Launching mavenrun-cd19fd1f-cd0c-4516-ba98-f67e5644d1c0] INFO  o.eclipse.m2e.core.internal.Bundles - 	Entry: /Applications/Eclipse.app/Contents/Eclipse/plugins/org.eclipse.m2e.maven.runtime_3.9.900.20240824-1409/jars/maven-artifact-3.9.9.jar
2025-03-24 23:37:00,571 [Worker-40: Launching mavenrun-cd19fd1f-cd0c-4516-ba98-f67e5644d1c0] INFO  o.eclipse.m2e.core.internal.Bundles - 	Entry: /Applications/Eclipse.app/Contents/Eclipse/plugins/org.eclipse.m2e.maven.runtime_3.9.900.20240824-1409/jars/maven-builder-support-3.9.9.jar
2025-03-24 23:37:00,571 [Worker-40: Launching mavenrun-cd19fd1f-cd0c-4516-ba98-f67e5644d1c0] INFO  o.eclipse.m2e.core.internal.Bundles - 	Entry: /Applications/Eclipse.app/Contents/Eclipse/plugins/org.eclipse.m2e.maven.runtime_3.9.900.20240824-1409/jars/maven-compat-3.9.9.jar
2025-03-24 23:37:00,571 [Worker-40: Launching mavenrun-cd19fd1f-cd0c-4516-ba98-f67e5644d1c0] INFO  o.eclipse.m2e.core.internal.Bundles - 	Entry: /Applications/Eclipse.app/Contents/Eclipse/plugins/org.eclipse.m2e.maven.runtime_3.9.900.20240824-1409/jars/maven-core-3.9.9.jar
2025-03-24 23:37:00,571 [Worker-40: Launching mavenrun-cd19fd1f-cd0c-4516-ba98-f67e5644d1c0] INFO  o.eclipse.m2e.core.internal.Bundles - 	Entry: /Applications/Eclipse.app/Contents/Eclipse/plugins/org.eclipse.m2e.maven.runtime_3.9.900.20240824-1409/jars/maven-embedder-3.9.9.jar
2025-03-24 23:37:00,571 [Worker-40: Launching mavenrun-cd19fd1f-cd0c-4516-ba98-f67e5644d1c0] INFO  o.eclipse.m2e.core.internal.Bundles - 	Entry: /Applications/Eclipse.app/Contents/Eclipse/plugins/org.eclipse.m2e.maven.runtime_3.9.900.20240824-1409/jars/maven-model-3.9.9.jar
2025-03-24 23:37:00,571 [Worker-40: Launching mavenrun-cd19fd1f-cd0c-4516-ba98-f67e5644d1c0] INFO  o.eclipse.m2e.core.internal.Bundles - 	Entry: /Applications/Eclipse.app/Contents/Eclipse/plugins/org.eclipse.m2e.maven.runtime_3.9.900.20240824-1409/jars/maven-model-builder-3.9.9.jar
2025-03-24 23:37:00,571 [Worker-40: Launching mavenrun-cd19fd1f-cd0c-4516-ba98-f67e5644d1c0] INFO  o.eclipse.m2e.core.internal.Bundles - 	Entry: /Applications/Eclipse.app/Contents/Eclipse/plugins/org.eclipse.m2e.maven.runtime_3.9.900.20240824-1409/jars/maven-plugin-api-3.9.9.jar
2025-03-24 23:37:00,571 [Worker-40: Launching mavenrun-cd19fd1f-cd0c-4516-ba98-f67e5644d1c0] INFO  o.eclipse.m2e.core.internal.Bundles - 	Entry: /Applications/Eclipse.app/Contents/Eclipse/plugins/org.eclipse.m2e.maven.runtime_3.9.900.20240824-1409/jars/maven-repository-metadata-3.9.9.jar
2025-03-24 23:37:00,571 [Worker-40: Launching mavenrun-cd19fd1f-cd0c-4516-ba98-f67e5644d1c0] INFO  o.eclipse.m2e.core.internal.Bundles - 	Entry: /Applications/Eclipse.app/Contents/Eclipse/plugins/org.eclipse.m2e.maven.runtime_3.9.900.20240824-1409/jars/maven-resolver-api-1.9.22.jar
2025-03-24 23:37:00,571 [Worker-40: Launching mavenrun-cd19fd1f-cd0c-4516-ba98-f67e5644d1c0] INFO  o.eclipse.m2e.core.internal.Bundles - 	Entry: /Applications/Eclipse.app/Contents/Eclipse/plugins/org.eclipse.m2e.maven.runtime_3.9.900.20240824-1409/jars/maven-resolver-connector-basic-1.9.22.jar
2025-03-24 23:37:00,571 [Worker-40: Launching mavenrun-cd19fd1f-cd0c-4516-ba98-f67e5644d1c0] INFO  o.eclipse.m2e.core.internal.Bundles - 	Entry: /Applications/Eclipse.app/Contents/Eclipse/plugins/org.eclipse.m2e.maven.runtime_3.9.900.20240824-1409/jars/maven-resolver-impl-1.9.22.jar
2025-03-24 23:37:00,571 [Worker-40: Launching mavenrun-cd19fd1f-cd0c-4516-ba98-f67e5644d1c0] INFO  o.eclipse.m2e.core.internal.Bundles - 	Entry: /Applications/Eclipse.app/Contents/Eclipse/plugins/org.eclipse.m2e.maven.runtime_3.9.900.20240824-1409/jars/maven-resolver-named-locks-1.9.22.jar
2025-03-24 23:37:00,571 [Worker-40: Launching mavenrun-cd19fd1f-cd0c-4516-ba98-f67e5644d1c0] INFO  o.eclipse.m2e.core.internal.Bundles - 	Entry: /Applications/Eclipse.app/Contents/Eclipse/plugins/org.eclipse.m2e.maven.runtime_3.9.900.20240824-1409/jars/maven-resolver-provider-3.9.9.jar
2025-03-24 23:37:00,571 [Worker-40: Launching mavenrun-cd19fd1f-cd0c-4516-ba98-f67e5644d1c0] INFO  o.eclipse.m2e.core.internal.Bundles - 	Entry: /Applications/Eclipse.app/Contents/Eclipse/plugins/org.eclipse.m2e.maven.runtime_3.9.900.20240824-1409/jars/maven-resolver-spi-1.9.22.jar
2025-03-24 23:37:00,571 [Worker-40: Launching mavenrun-cd19fd1f-cd0c-4516-ba98-f67e5644d1c0] INFO  o.eclipse.m2e.core.internal.Bundles - 	Entry: /Applications/Eclipse.app/Contents/Eclipse/plugins/org.eclipse.m2e.maven.runtime_3.9.900.20240824-1409/jars/maven-resolver-transport-file-1.9.22.jar
2025-03-24 23:37:00,571 [Worker-40: Launching mavenrun-cd19fd1f-cd0c-4516-ba98-f67e5644d1c0] INFO  o.eclipse.m2e.core.internal.Bundles - 	Entry: /Applications/Eclipse.app/Contents/Eclipse/plugins/org.eclipse.m2e.maven.runtime_3.9.900.20240824-1409/jars/maven-resolver-transport-http-1.9.22.jar
2025-03-24 23:37:00,571 [Worker-40: Launching mavenrun-cd19fd1f-cd0c-4516-ba98-f67e5644d1c0] INFO  o.eclipse.m2e.core.internal.Bundles - 	Entry: /Applications/Eclipse.app/Contents/Eclipse/plugins/org.eclipse.m2e.maven.runtime_3.9.900.20240824-1409/jars/maven-resolver-transport-wagon-1.9.22.jar
2025-03-24 23:37:00,571 [Worker-40: Launching mavenrun-cd19fd1f-cd0c-4516-ba98-f67e5644d1c0] INFO  o.eclipse.m2e.core.internal.Bundles - 	Entry: /Applications/Eclipse.app/Contents/Eclipse/plugins/org.eclipse.m2e.maven.runtime_3.9.900.20240824-1409/jars/maven-resolver-util-1.9.22.jar
2025-03-24 23:37:00,571 [Worker-40: Launching mavenrun-cd19fd1f-cd0c-4516-ba98-f67e5644d1c0] INFO  o.eclipse.m2e.core.internal.Bundles - 	Entry: /Applications/Eclipse.app/Contents/Eclipse/plugins/org.eclipse.m2e.maven.runtime_3.9.900.20240824-1409/jars/maven-settings-3.9.9.jar
2025-03-24 23:37:00,571 [Worker-40: Launching mavenrun-cd19fd1f-cd0c-4516-ba98-f67e5644d1c0] INFO  o.eclipse.m2e.core.internal.Bundles - 	Entry: /Applications/Eclipse.app/Contents/Eclipse/plugins/org.eclipse.m2e.maven.runtime_3.9.900.20240824-1409/jars/maven-settings-builder-3.9.9.jar
2025-03-24 23:37:00,571 [Worker-40: Launching mavenrun-cd19fd1f-cd0c-4516-ba98-f67e5644d1c0] INFO  o.eclipse.m2e.core.internal.Bundles - 	Entry: /Applications/Eclipse.app/Contents/Eclipse/plugins/org.eclipse.m2e.maven.runtime_3.9.900.20240824-1409/jars/maven-shared-utils-3.4.2.jar
2025-03-24 23:37:00,571 [Worker-40: Launching mavenrun-cd19fd1f-cd0c-4516-ba98-f67e5644d1c0] INFO  o.eclipse.m2e.core.internal.Bundles - 	Entry: /Applications/Eclipse.app/Contents/Eclipse/plugins/org.eclipse.m2e.maven.runtime_3.9.900.20240824-1409/jars/org.eclipse.sisu.inject-0.9.0.M3.jar
2025-03-24 23:37:00,571 [Worker-40: Launching mavenrun-cd19fd1f-cd0c-4516-ba98-f67e5644d1c0] INFO  o.eclipse.m2e.core.internal.Bundles - 	Entry: /Applications/Eclipse.app/Contents/Eclipse/plugins/org.eclipse.m2e.maven.runtime_3.9.900.20240824-1409/jars/org.eclipse.sisu.plexus-0.9.0.M3.jar
2025-03-24 23:37:00,571 [Worker-40: Launching mavenrun-cd19fd1f-cd0c-4516-ba98-f67e5644d1c0] INFO  o.eclipse.m2e.core.internal.Bundles - 	Entry: /Applications/Eclipse.app/Contents/Eclipse/plugins/org.eclipse.m2e.maven.runtime_3.9.900.20240824-1409/jars/plexus-build-api-0.0.7.jar
2025-03-24 23:37:00,571 [Worker-40: Launching mavenrun-cd19fd1f-cd0c-4516-ba98-f67e5644d1c0] INFO  o.eclipse.m2e.core.internal.Bundles - 	Entry: /Applications/Eclipse.app/Contents/Eclipse/plugins/org.eclipse.m2e.maven.runtime_3.9.900.20240824-1409/jars/plexus-build-api-1.2.0.jar
2025-03-24 23:37:00,571 [Worker-40: Launching mavenrun-cd19fd1f-cd0c-4516-ba98-f67e5644d1c0] INFO  o.eclipse.m2e.core.internal.Bundles - 	Entry: /Applications/Eclipse.app/Contents/Eclipse/plugins/org.eclipse.m2e.maven.runtime_3.9.900.20240824-1409/jars/plexus-cipher-2.0.jar
2025-03-24 23:37:00,571 [Worker-40: Launching mavenrun-cd19fd1f-cd0c-4516-ba98-f67e5644d1c0] INFO  o.eclipse.m2e.core.internal.Bundles - 	Entry: /Applications/Eclipse.app/Contents/Eclipse/plugins/org.eclipse.m2e.maven.runtime_3.9.900.20240824-1409/jars/plexus-classworlds-2.8.0.jar
2025-03-24 23:37:00,571 [Worker-40: Launching mavenrun-cd19fd1f-cd0c-4516-ba98-f67e5644d1c0] INFO  o.eclipse.m2e.core.internal.Bundles - 	Entry: /Applications/Eclipse.app/Contents/Eclipse/plugins/org.eclipse.m2e.maven.runtime_3.9.900.20240824-1409/jars/plexus-component-annotations-2.1.0.jar
2025-03-24 23:37:00,571 [Worker-40: Launching mavenrun-cd19fd1f-cd0c-4516-ba98-f67e5644d1c0] INFO  o.eclipse.m2e.core.internal.Bundles - 	Entry: /Applications/Eclipse.app/Contents/Eclipse/plugins/org.eclipse.m2e.maven.runtime_3.9.900.20240824-1409/jars/plexus-interpolation-1.27.jar
2025-03-24 23:37:00,571 [Worker-40: Launching mavenrun-cd19fd1f-cd0c-4516-ba98-f67e5644d1c0] INFO  o.eclipse.m2e.core.internal.Bundles - 	Entry: /Applications/Eclipse.app/Contents/Eclipse/plugins/org.eclipse.m2e.maven.runtime_3.9.900.20240824-1409/jars/plexus-sec-dispatcher-2.0.jar
2025-03-24 23:37:00,571 [Worker-40: Launching mavenrun-cd19fd1f-cd0c-4516-ba98-f67e5644d1c0] INFO  o.eclipse.m2e.core.internal.Bundles - 	Entry: /Applications/Eclipse.app/Contents/Eclipse/plugins/org.eclipse.m2e.maven.runtime_3.9.900.20240824-1409/jars/plexus-utils-3.5.1.jar
2025-03-24 23:37:00,571 [Worker-40: Launching mavenrun-cd19fd1f-cd0c-4516-ba98-f67e5644d1c0] INFO  o.eclipse.m2e.core.internal.Bundles - 	Entry: /Applications/Eclipse.app/Contents/Eclipse/plugins/org.eclipse.m2e.maven.runtime_3.9.900.20240824-1409/jars/plexus-xml-3.0.1.jar
2025-03-24 23:37:00,571 [Worker-40: Launching mavenrun-cd19fd1f-cd0c-4516-ba98-f67e5644d1c0] INFO  o.eclipse.m2e.core.internal.Bundles - 	Entry: /Applications/Eclipse.app/Contents/Eclipse/plugins/org.eclipse.m2e.maven.runtime_3.9.900.20240824-1409/jars/wagon-file-3.5.3.jar
2025-03-24 23:37:00,571 [Worker-40: Launching mavenrun-cd19fd1f-cd0c-4516-ba98-f67e5644d1c0] INFO  o.eclipse.m2e.core.internal.Bundles - 	Entry: /Applications/Eclipse.app/Contents/Eclipse/plugins/org.eclipse.m2e.maven.runtime_3.9.900.20240824-1409/jars/wagon-http-3.5.3.jar
2025-03-24 23:37:00,571 [Worker-40: Launching mavenrun-cd19fd1f-cd0c-4516-ba98-f67e5644d1c0] INFO  o.eclipse.m2e.core.internal.Bundles - 	Entry: /Applications/Eclipse.app/Contents/Eclipse/plugins/org.eclipse.m2e.maven.runtime_3.9.900.20240824-1409/jars/wagon-http-shared-3.5.3.jar
2025-03-24 23:37:00,571 [Worker-40: Launching mavenrun-cd19fd1f-cd0c-4516-ba98-f67e5644d1c0] INFO  o.eclipse.m2e.core.internal.Bundles - 	Entry: /Applications/Eclipse.app/Contents/Eclipse/plugins/org.eclipse.m2e.maven.runtime_3.9.900.20240824-1409/jars/wagon-provider-api-3.5.3.jar
2025-03-24 23:37:00,572 [Worker-40: Launching mavenrun-cd19fd1f-cd0c-4516-ba98-f67e5644d1c0] INFO  o.eclipse.m2e.core.internal.Bundles - getClasspathEntries(Bundle=com.google.guava_33.3.0.jre [1530])
2025-03-24 23:37:00,577 [Worker-40: Launching mavenrun-cd19fd1f-cd0c-4516-ba98-f67e5644d1c0] INFO  o.eclipse.m2e.core.internal.Bundles - 	Entry: /Applications/Eclipse.app/Contents/Eclipse/plugins/com.google.guava_33.3.0.jre.jar
2025-03-24 23:37:00,577 [Worker-40: Launching mavenrun-cd19fd1f-cd0c-4516-ba98-f67e5644d1c0] INFO  o.eclipse.m2e.core.internal.Bundles - getClasspathEntries(Bundle=slf4j.api_2.0.16 [1648])
2025-03-24 23:37:00,577 [Worker-40: Launching mavenrun-cd19fd1f-cd0c-4516-ba98-f67e5644d1c0] INFO  o.eclipse.m2e.core.internal.Bundles - 	Entry: /Applications/Eclipse.app/Contents/Eclipse/plugins/slf4j.api_2.0.16.jar
2025-03-24 23:37:00,577 [Worker-40: Launching mavenrun-cd19fd1f-cd0c-4516-ba98-f67e5644d1c0] INFO  o.eclipse.m2e.core.internal.Bundles - getClasspathEntries(Bundle=javax.inject_1.0.0.v20220405-0441 [1116])
2025-03-24 23:37:00,577 [Worker-40: Launching mavenrun-cd19fd1f-cd0c-4516-ba98-f67e5644d1c0] INFO  o.eclipse.m2e.core.internal.Bundles - 	Entry: /Applications/Eclipse.app/Contents/Eclipse/plugins/javax.inject_1.0.0.v20220405-0441.jar
2025-03-24 23:37:00,577 [Worker-40: Launching mavenrun-cd19fd1f-cd0c-4516-ba98-f67e5644d1c0] INFO  o.eclipse.m2e.core.internal.Bundles - getClasspathEntries(Bundle=javax.annotation_1.3.5.v20230504-0748 [1115])
2025-03-24 23:37:00,584 [Worker-40: Launching mavenrun-cd19fd1f-cd0c-4516-ba98-f67e5644d1c0] INFO  o.eclipse.m2e.core.internal.Bundles - 	Entry: /Applications/Eclipse.app/Contents/Eclipse/plugins/javax.annotation_1.3.5.v20230504-0748.jar
2025-03-24 23:37:00,584 [Worker-40: Launching mavenrun-cd19fd1f-cd0c-4516-ba98-f67e5644d1c0] INFO  o.eclipse.m2e.core.internal.Bundles - getClasspathEntries(Bundle=org.apache.commons.cli_1.9.0 [1532])
2025-03-24 23:37:00,584 [Worker-40: Launching mavenrun-cd19fd1f-cd0c-4516-ba98-f67e5644d1c0] INFO  o.eclipse.m2e.core.internal.Bundles - 	Entry: /Applications/Eclipse.app/Contents/Eclipse/plugins/org.apache.commons.cli_1.9.0.jar
2025-03-24 23:37:00,584 [Worker-40: Launching mavenrun-cd19fd1f-cd0c-4516-ba98-f67e5644d1c0] INFO  o.eclipse.m2e.core.internal.Bundles - getClasspathEntries(Bundle=org.apache.commons.commons-codec_1.16.0 [78])
2025-03-24 23:37:00,589 [Worker-40: Launching mavenrun-cd19fd1f-cd0c-4516-ba98-f67e5644d1c0] INFO  o.eclipse.m2e.core.internal.Bundles - 	Entry: /Applications/Eclipse.app/Contents/Eclipse/plugins/org.apache.commons.commons-codec_1.16.0.jar
2025-03-24 23:37:00,589 [Worker-40: Launching mavenrun-cd19fd1f-cd0c-4516-ba98-f67e5644d1c0] INFO  o.eclipse.m2e.core.internal.Bundles - getClasspathEntries(Bundle=com.google.guava.failureaccess_1.0.2 [15])
2025-03-24 23:37:00,592 [Worker-40: Launching mavenrun-cd19fd1f-cd0c-4516-ba98-f67e5644d1c0] INFO  o.eclipse.m2e.core.internal.Bundles - 	Entry: /Applications/Eclipse.app/Contents/Eclipse/plugins/com.google.guava.failureaccess_1.0.2.jar
2025-03-24 23:37:00,595 [Worker-40: Launching mavenrun-cd19fd1f-cd0c-4516-ba98-f67e5644d1c0] INFO  o.e.m.i.launch.MavenLaunchDelegate - Run build in "/var/folders/_0/8h1vjs6958xfnyxm3w2f1qvc0000gn/T/m2e-archetypeGenerator14229114507014141123":
2025-03-24 23:37:00,596 [Worker-40: Launching mavenrun-cd19fd1f-cd0c-4516-ba98-f67e5644d1c0] INFO  o.e.m.i.launch.MavenLaunchDelegate -  mvn  -DjavaCompilerVersion=17 -DjunitVersion=5.11.0 -DarchetypeGroupId=org.apache.maven.archetypes -DarchetypeArtifactId=maven-archetype-quickstart -DarchetypeVersion=1.5 -DgroupId=in.smrtprg -DartifactId=MavenFirstProject -Dversion=1.0 -Dpackage=in.sp.main -DoutputDirectory=/Users/karansingh/Desktop/YT_advJava/Spring_YT -Dstyle.color=always -U archetype:generate
2025-03-24 23:37:16,818 [Worker-38: Creating maven-archetype-quickstart] INFO  o.e.m.c.i.p.ProjectConfigurationManager - Collecting project info '/pom.xml' /Users/karansingh/Desktop/YT_advJava/Spring_YT/MavenFirstProject/pom.xml
2025-03-24 23:37:17,057 [Worker-38: Creating maven-archetype-quickstart] INFO  o.e.m.c.i.l.LifecycleMappingFactory - Using org.eclipse.m2e.jdt.JarLifecycleMapping lifecycle mapping for MavenProject: in.smrtprg:MavenFirstProject:1.0 @ /Users/karansingh/Desktop/YT_advJava/Spring_YT/MavenFirstProject/pom.xml.
2025-03-24 23:37:17,306 [Worker-38: Creating maven-archetype-quickstart] INFO  o.e.m.j.i.AbstractJavaProjectConfigurator - Adding source folder /MavenFirstProject/src/main/java
2025-03-24 23:37:17,307 [Worker-38: Creating maven-archetype-quickstart] INFO  o.e.m.j.i.AbstractJavaProjectConfigurator - Adding resource folder /MavenFirstProject/src/main/resources
2025-03-24 23:37:17,310 [Worker-38: Creating maven-archetype-quickstart] INFO  o.e.m.j.i.AbstractJavaProjectConfigurator - Adding source folder /MavenFirstProject/src/test/java
2025-03-24 23:37:17,310 [Worker-38: Creating maven-archetype-quickstart] INFO  o.e.m.j.i.AbstractJavaProjectConfigurator - Adding resource folder /MavenFirstProject/src/test/resources
2025-03-24 23:37:17,439 [Worker-38: Creating maven-archetype-quickstart] INFO  o.e.m.c.i.p.ProjectConfigurationManager - Imported and configured 1 project(s) in 0 sec
2025-03-24 23:37:17,899 [Worker-43: Building] INFO  o.a.m.s.f.DefaultMavenResourcesFiltering - skip non existing resourceDirectory /Users/karansingh/Desktop/YT_advJava/Spring_YT/MavenFirstProject/src/main/resources
2025-03-24 23:37:17,904 [Worker-43: Building] INFO  o.a.m.s.f.DefaultMavenResourcesFiltering - skip non existing resourceDirectory /Users/karansingh/Desktop/YT_advJava/Spring_YT/MavenFirstProject/src/test/resources
2025-03-24 23:40:46,477 [Worker-40: Building] INFO  o.a.m.s.f.DefaultMavenResourcesFiltering - skip non existing resourceDirectory /Users/karansingh/Desktop/YT_advJava/Spring_YT/MavenFirstProject/src/main/resources
2025-03-24 23:40:46,479 [Worker-40: Building] INFO  o.a.m.s.f.DefaultMavenResourcesFiltering - skip non existing resourceDirectory /Users/karansingh/Desktop/YT_advJava/Spring_YT/MavenFirstProject/src/test/resources
2025-03-24 23:41:34,816 [Worker-47: Building] INFO  o.a.m.s.f.DefaultMavenResourcesFiltering - skip non existing resourceDirectory /Users/karansingh/Desktop/YT_advJava/Spring_YT/MavenFirstProject/src/main/resources
2025-03-24 23:41:34,818 [Worker-47: Building] INFO  o.a.m.s.f.DefaultMavenResourcesFiltering - skip non existing resourceDirectory /Users/karansingh/Desktop/YT_advJava/Spring_YT/MavenFirstProject/src/test/resources
2025-03-24 23:42:05,222 [Worker-46: Building] INFO  o.a.m.s.f.DefaultMavenResourcesFiltering - skip non existing resourceDirectory /Users/karansingh/Desktop/YT_advJava/Spring_YT/MavenFirstProject/src/main/resources
2025-03-24 23:42:05,224 [Worker-46: Building] INFO  o.a.m.s.f.DefaultMavenResourcesFiltering - skip non existing resourceDirectory /Users/karansingh/Desktop/YT_advJava/Spring_YT/MavenFirstProject/src/test/resources
2025-03-24 23:42:48,694 [Worker-42: Building] INFO  o.a.m.s.f.DefaultMavenResourcesFiltering - skip non existing resourceDirectory /Users/karansingh/Desktop/YT_advJava/Spring_YT/MavenFirstProject/src/main/resources
2025-03-24 23:42:48,698 [Worker-42: Building] INFO  o.a.m.s.f.DefaultMavenResourcesFiltering - skip non existing resourceDirectory /Users/karansingh/Desktop/YT_advJava/Spring_YT/MavenFirstProject/src/test/resources
2025-03-24 23:43:48,605 [Worker-44: Building] INFO  o.a.m.s.f.DefaultMavenResourcesFiltering - skip non existing resourceDirectory /Users/karansingh/Desktop/YT_advJava/Spring_YT/MavenFirstProject/src/main/resources
2025-03-24 23:43:48,607 [Worker-44: Building] INFO  o.a.m.s.f.DefaultMavenResourcesFiltering - skip non existing resourceDirectory /Users/karansingh/Desktop/YT_advJava/Spring_YT/MavenFirstProject/src/test/resources
2025-03-24 23:44:54,734 [Worker-48: Building] INFO  o.a.m.s.f.DefaultMavenResourcesFiltering - skip non existing resourceDirectory /Users/karansingh/Desktop/YT_advJava/Spring_YT/MavenFirstProject/src/main/resources
2025-03-24 23:44:54,735 [Worker-48: Building] INFO  o.a.m.s.f.DefaultMavenResourcesFiltering - skip non existing resourceDirectory /Users/karansingh/Desktop/YT_advJava/Spring_YT/MavenFirstProject/src/test/resources
2025-03-24 23:45:14,645 [Worker-46: Building] INFO  o.a.m.s.f.DefaultMavenResourcesFiltering - skip non existing resourceDirectory /Users/karansingh/Desktop/YT_advJava/Spring_YT/MavenFirstProject/src/main/resources
2025-03-24 23:45:14,648 [Worker-46: Building] INFO  o.a.m.s.f.DefaultMavenResourcesFiltering - skip non existing resourceDirectory /Users/karansingh/Desktop/YT_advJava/Spring_YT/MavenFirstProject/src/test/resources
2025-03-24 23:46:02,752 [Worker-46: Building] INFO  o.a.m.s.f.DefaultMavenResourcesFiltering - skip non existing resourceDirectory /Users/karansingh/Desktop/YT_advJava/Spring_YT/MavenFirstProject/src/main/resources
2025-03-24 23:46:02,754 [Worker-46: Building] INFO  o.a.m.s.f.DefaultMavenResourcesFiltering - skip non existing resourceDirectory /Users/karansingh/Desktop/YT_advJava/Spring_YT/MavenFirstProject/src/test/resources
2025-03-24 23:46:35,472 [Worker-42: Building] INFO  o.a.m.s.f.DefaultMavenResourcesFiltering - skip non existing resourceDirectory /Users/karansingh/Desktop/YT_advJava/Spring_YT/MavenFirstProject/src/main/resources
2025-03-24 23:46:35,475 [Worker-42: Building] INFO  o.a.m.s.f.DefaultMavenResourcesFiltering - skip non existing resourceDirectory /Users/karansingh/Desktop/YT_advJava/Spring_YT/MavenFirstProject/src/test/resources
2025-03-24 23:46:58,690 [Worker-46: Building] INFO  o.a.m.s.f.DefaultMavenResourcesFiltering - skip non existing resourceDirectory /Users/karansingh/Desktop/YT_advJava/Spring_YT/MavenFirstProject/src/main/resources
2025-03-24 23:46:58,692 [Worker-46: Building] INFO  o.a.m.s.f.DefaultMavenResourcesFiltering - skip non existing resourceDirectory /Users/karansingh/Desktop/YT_advJava/Spring_YT/MavenFirstProject/src/test/resources
2025-03-24 23:48:54,020 [Worker-46: Building] INFO  o.e.m.c.i.l.LifecycleMappingFactory - Using org.eclipse.m2e.jdt.JarLifecycleMapping lifecycle mapping for MavenProject: in.smrtprg:MavenFirstProject:1.0 @ /Users/karansingh/Desktop/YT_advJava/Spring_YT/MavenFirstProject/pom.xml.
2025-03-24 23:48:54,164 [Worker-46: Building] INFO  o.a.m.s.f.DefaultMavenResourcesFiltering - skip non existing resourceDirectory /Users/karansingh/Desktop/YT_advJava/Spring_YT/MavenFirstProject/src/main/resources
2025-03-24 23:48:54,167 [Worker-46: Building] INFO  o.a.m.s.f.DefaultMavenResourcesFiltering - skip non existing resourceDirectory /Users/karansingh/Desktop/YT_advJava/Spring_YT/MavenFirstProject/src/test/resources
2025-03-24 23:49:26,597 [Worker-42: Building] INFO  o.e.m.c.i.l.LifecycleMappingFactory - Using org.eclipse.m2e.jdt.JarLifecycleMapping lifecycle mapping for MavenProject: in.smrtprg:MavenFirstProject:1.0 @ /Users/karansingh/Desktop/YT_advJava/Spring_YT/MavenFirstProject/pom.xml.
2025-03-24 23:49:26,795 [Worker-42: Building] INFO  o.a.m.s.f.DefaultMavenResourcesFiltering - skip non existing resourceDirectory /Users/karansingh/Desktop/YT_advJava/Spring_YT/MavenFirstProject/src/main/resources
2025-03-24 23:49:26,798 [Worker-42: Building] INFO  o.a.m.s.f.DefaultMavenResourcesFiltering - skip non existing resourceDirectory /Users/karansingh/Desktop/YT_advJava/Spring_YT/MavenFirstProject/src/test/resources
2025-03-24 23:50:53,840 [Worker-50: Building] INFO  o.e.m.c.i.l.LifecycleMappingFactory - Using org.eclipse.m2e.jdt.JarLifecycleMapping lifecycle mapping for MavenProject: in.smrtprg:MavenFirstProject:1.0 @ /Users/karansingh/Desktop/YT_advJava/Spring_YT/MavenFirstProject/pom.xml.
2025-03-24 23:50:53,923 [Worker-50: Building] INFO  o.a.m.s.f.DefaultMavenResourcesFiltering - skip non existing resourceDirectory /Users/karansingh/Desktop/YT_advJava/Spring_YT/MavenFirstProject/src/main/resources
2025-03-24 23:50:53,925 [Worker-50: Building] INFO  o.a.m.s.f.DefaultMavenResourcesFiltering - skip non existing resourceDirectory /Users/karansingh/Desktop/YT_advJava/Spring_YT/MavenFirstProject/src/test/resources
2025-03-24 23:51:09,173 [Worker-46: Building] INFO  o.e.m.c.i.l.LifecycleMappingFactory - Using org.eclipse.m2e.jdt.JarLifecycleMapping lifecycle mapping for MavenProject: in.smrtprg:MavenFirstProject:1.0 @ /Users/karansingh/Desktop/YT_advJava/Spring_YT/MavenFirstProject/pom.xml.
2025-03-24 23:51:09,233 [Worker-46: Building] INFO  o.a.m.s.f.DefaultMavenResourcesFiltering - skip non existing resourceDirectory /Users/karansingh/Desktop/YT_advJava/Spring_YT/MavenFirstProject/src/main/resources
2025-03-24 23:51:09,235 [Worker-46: Building] INFO  o.a.m.s.f.DefaultMavenResourcesFiltering - skip non existing resourceDirectory /Users/karansingh/Desktop/YT_advJava/Spring_YT/MavenFirstProject/src/test/resources
2025-03-24 23:58:47,654 [Worker-49: Building] INFO  o.e.m.c.i.l.LifecycleMappingFactory - Using org.eclipse.m2e.jdt.JarLifecycleMapping lifecycle mapping for MavenProject: in.smrtprg:MavenFirstProject:1.0 @ /Users/karansingh/Desktop/YT_advJava/Spring_YT/MavenFirstProject/pom.xml.
2025-03-24 23:58:47,744 [Worker-49: Building] INFO  o.a.m.s.f.DefaultMavenResourcesFiltering - skip non existing resourceDirectory /Users/karansingh/Desktop/YT_advJava/Spring_YT/MavenFirstProject/src/main/resources
2025-03-24 23:58:47,747 [Worker-49: Building] INFO  o.a.m.s.f.DefaultMavenResourcesFiltering - skip non existing resourceDirectory /Users/karansingh/Desktop/YT_advJava/Spring_YT/MavenFirstProject/src/test/resources
